<?xml version="1.0" encoding="UTF-8"?>
<!-- Generated by org.testng.reporters.JUnitReportReporter -->
<testsuite skipped="0" hostname="user-PC" name="com.ui.test.PageTest" tests="1" failures="0" timestamp="13 Apr 2020 08:21:09 GMT" time="0.097" errors="0">
  <testcase name="login" time="0.097" classname="com.ui.test.PageTest"/>
</testsuite> <!-- com.ui.test.PageTest -->
