<?xml version="1.0" encoding="UTF-8"?>
<!-- Generated by org.testng.reporters.JUnitReportReporter -->
<testsuite skipped="0" hostname="user-PC" name="com.ui.test.PageTestTwo" tests="1" failures="0" timestamp="21 Apr 2020 12:22:37 GMT" time="30.558" errors="0">
  <testcase name="leftTabLinkDashboard" time="30.558" classname="com.ui.test.PageTestTwo"/>
</testsuite> <!-- com.ui.test.PageTestTwo -->
