<?xml version="1.0" encoding="UTF-8"?>
<!-- Generated by org.testng.reporters.JUnitReportReporter -->
<testsuite skipped="0" hostname="user-PC" name="com.test.ui.properties.declared.ReadProperties" tests="1" failures="0" timestamp="26 Apr 2020 05:20:21 GMT" time="77.871" errors="0">
  <testcase name="brokenLink" time="77.871" classname="com.test.ui.properties.declared.ReadProperties"/>
</testsuite> <!-- com.test.ui.properties.declared.ReadProperties -->
